<?xml version="1.0" encoding="UTF-8"?>
<testng-results ignored="0" total="1" passed="1" failed="0" skipped="0">
  <reporter-output>
  </reporter-output>
  <suite started-at="2023-06-17T16:51:03 IST" name="Suite" finished-at="2023-06-17T16:51:12 IST" duration-ms="9008">
    <groups>
    </groups>
    <test started-at="2023-06-17T16:51:03 IST" name="Test" finished-at="2023-06-17T16:51:12 IST" duration-ms="9008">
      <class name="tests.Test_LuminoxRegisterPage">
        <test-method is-config="true" signature="beforeTest(java.lang.String)[pri:0, instance:tests.Test_LuminoxRegisterPage@765d7657]" started-at="2023-06-17T16:51:03 IST" name="beforeTest" finished-at="2023-06-17T16:51:10 IST" duration-ms="6941" status="PASS">
          <params>
            <param index="0">
              <value>
                <![CDATA[chrome]]>
              </value>
            </param>
          </params>
          <reporter-output>
          </reporter-output>
        </test-method> <!-- beforeTest -->
        <test-method signature="validTest()[pri:0, instance:tests.Test_LuminoxRegisterPage@765d7657]" started-at="2023-06-17T16:51:10 IST" name="validTest" finished-at="2023-06-17T16:51:12 IST" duration-ms="1837" status="PASS">
          <reporter-output>
          </reporter-output>
        </test-method> <!-- validTest -->
        <test-method is-config="true" signature="afterTest()[pri:0, instance:tests.Test_LuminoxRegisterPage@765d7657]" started-at="2023-06-17T16:51:12 IST" name="afterTest" finished-at="2023-06-17T16:51:12 IST" duration-ms="194" status="PASS">
          <reporter-output>
          </reporter-output>
        </test-method> <!-- afterTest -->
      </class> <!-- tests.Test_LuminoxRegisterPage -->
    </test> <!-- Test -->
  </suite> <!-- Suite -->
</testng-results>
