<?xml version="1.0" encoding="UTF-8"?>
<!-- Generated by org.testng.reporters.JUnitXMLReporter -->
<testsuite ignored="0" hostname="LAPTOP-BJ8FH5F3" failures="0" tests="5" name="Test" time="16.606" errors="0" timestamp="2023-06-30T16:27:59 IST">
  <testcase classname="tests.Test_LuminoxRegisterPage" name="invalidEmailTest" time="1.633"/>
  <testcase classname="tests.Test_LuminoxRegisterPage" name="mismatchedPasswordsTest" time="1.901"/>
  <testcase classname="tests.Test_LuminoxRegisterPage" name="missingFirstNameTest" time="1.725"/>
  <testcase classname="tests.Test_LuminoxRegisterPage" name="missingLastNameTest" time="1.217"/>
  <testcase classname="tests.Test_LuminoxRegisterPage" name="validTest" time="2.306"/>
</testsuite> <!-- Test -->
