<?xml version="1.0" encoding="UTF-8"?>
<!-- Generated by org.testng.reporters.JUnitXMLReporter -->
<testsuite ignored="0" hostname="ani" failures="0" tests="7" name="Test" time="8.271" errors="0" timestamp="2023-07-14T15:43:26 IST">
  <testcase classname="tests.Test_LoginPage" name="invalidEmail" time="0.511"/>
  <testcase classname="tests.Test_LoginPage" name="invalidEmailPassword" time="0.407"/>
  <testcase classname="tests.Test_LoginPage" name="invalidPassword" time="0.415"/>
  <testcase classname="tests.Test_LoginPage" name="testEmptyPassword" time="0.418"/>
  <testcase classname="tests.Test_LoginPage" name="testEmptyUsername" time="0.267"/>
  <testcase classname="tests.Test_LoginPage" name="testForgotPasswordLink" time="0.196"/>
  <testcase classname="tests.Test_LoginPage" name="validDataTest" time="0.657"/>
</testsuite> <!-- Test -->
